# JRE version: OpenJDK Runtime Environment (7.0_79-b14) (build 1.7.0_79-b14)
# Java VM: OpenJDK Server VM (24.79-b02 mixed mode linux-x86 )
Heap
 PSYoungGen      total 231936K, used 0K [0x9dd40000, 0xb32c0000, 0xb32c0000)
  eden space 116736K, 0% used [0x9dd40000,0x9dd40000,0xa4f40000)
  from space 115200K, 0% used [0xac240000,0xac240000,0xb32c0000)
  to   space 116480K, 0% used [0xa4f40000,0xa4f40000,0xac100000)
 ParOldGen       total 281088K, used 196848K [0x732c0000, 0x84540000, 0x9dd40000)
  object space 281088K, 70% used [0x732c0000,0x7f2fc2b0,0x84540000)
 PSPermGen       total 16384K, used 3900K [0x6b2c0000, 0x6c2c0000, 0x732c0000)
  object space 16384K, 23% used [0x6b2c0000,0x6b68f3c0,0x6c2c0000)
GC Heap History (10 events):
Event: 19.566 GC heap after
Heap after GC invocations=17 (full 3):
 PSYoungGen      total 209152K, used 60285K [0x9dd40000, 0xb32c0000, 0xb32c0000)
  eden space 116736K, 0% used [0x9dd40000,0x9dd40000,0xa4f40000)
  from space 92416K, 65% used [0xad880000,0xb135f730,0xb32c0000)
  to   space 116480K, 0% used [0xa4f40000,0xa4f40000,0xac100000)
 ParOldGen       total 274432K, used 160037K [0x732c0000, 0x83ec0000, 0x9dd40000)
  object space 274432K, 58% used [0x732c0000,0x7cf09658,0x83ec0000)
 PSPermGen       total 16384K, used 3890K [0x6b2c0000, 0x6c2c0000, 0x732c0000)
  object space 16384K, 23% used [0x6b2c0000,0x6b68caa0,0x6c2c0000)
}
Event: 20.833 GC heap before
{Heap before GC invocations=18 (full 3):
 PSYoungGen      total 209152K, used 177021K [0x9dd40000, 0xb32c0000, 0xb32c0000)
  eden space 116736K, 100% used [0x9dd40000,0xa4f40000,0xa4f40000)
  from space 92416K, 65% used [0xad880000,0xb135f730,0xb32c0000)
  to   space 116480K, 0% used [0xa4f40000,0xa4f40000,0xac100000)
 ParOldGen       total 274432K, used 160037K [0x732c0000, 0x83ec0000, 0x9dd40000)
  object space 274432K, 58% used [0x732c0000,0x7cf09658,0x83ec0000)
 PSPermGen       total 16384K, used 3890K [0x6b2c0000, 0x6c2c0000, 0x732c0000)
  object space 16384K, 23% used [0x6b2c0000,0x6b68caa0,0x6c2c0000)
Event: 20.981 GC heap after
Heap after GC invocations=18 (full 3):
 PSYoungGen      total 233216K, used 44848K [0x9dd40000, 0xb32c0000, 0xb32c0000)
  eden space 116736K, 0% used [0x9dd40000,0x9dd40000,0xa4f40000)
  from space 116480K, 38% used [0xa4f40000,0xa7b0c358,0xac100000)
  to   space 112640K, 0% used [0xac4c0000,0xac4c0000,0xb32c0000)
 ParOldGen       total 274432K, used 182590K [0x732c0000, 0x83ec0000, 0x9dd40000)
  object space 274432K, 66% used [0x732c0000,0x7e50f818,0x83ec0000)
 PSPermGen       total 16384K, used 3890K [0x6b2c0000, 0x6c2c0000, 0x732c0000)
  object space 16384K, 23% used [0x6b2c0000,0x6b68caa0,0x6c2c0000)
}
Event: 22.917 GC heap before
{Heap before GC invocations=19 (full 3):
 PSYoungGen      total 233216K, used 161584K [0x9dd40000, 0xb32c0000, 0xb32c0000)
  eden space 116736K, 100% used [0x9dd40000,0xa4f40000,0xa4f40000)
  from space 116480K, 38% used [0xa4f40000,0xa7b0c358,0xac100000)
  to   space 112640K, 0% used [0xac4c0000,0xac4c0000,0xb32c0000)
 ParOldGen       total 274432K, used 182590K [0x732c0000, 0x83ec0000, 0x9dd40000)
  object space 274432K, 66% used [0x732c0000,0x7e50f818,0x83ec0000)
 PSPermGen       total 16384K, used 3901K [0x6b2c0000, 0x6c2c0000, 0x732c0000)
  object space 16384K, 23% used [0x6b2c0000,0x6b68f490,0x6c2c0000)
Event: 23.049 GC heap after
Heap after GC invocations=19 (full 3):
 PSYoungGen      total 231936K, used 69179K [0x9dd40000, 0xb32c0000, 0xb32c0000)
  eden space 119296K, 0% used [0x9dd40000,0x9dd40000,0xa51c0000)
  from space 112640K, 61% used [0xac4c0000,0xb084ed00,0xb32c0000)
  to   space 115200K, 0% used [0xa51c0000,0xa51c0000,0xac240000)
 ParOldGen       total 274432K, used 182590K [0x732c0000, 0x83ec0000, 0x9dd40000)
  object space 274432K, 66% used [0x732c0000,0x7e50f818,0x83ec0000)
 PSPermGen       total 16384K, used 3901K [0x6b2c0000, 0x6c2c0000, 0x732c0000)
  object space 16384K, 23% used [0x6b2c0000,0x6b68f490,0x6c2c0000)
}
Event: 24.005 GC heap before
{Heap before GC invocations=20 (full 3):
 PSYoungGen      total 231936K, used 188475K [0x9dd40000, 0xb32c0000, 0xb32c0000)
  eden space 119296K, 100% used [0x9dd40000,0xa51c0000,0xa51c0000)
  from space 112640K, 61% used [0xac4c0000,0xb084ed00,0xb32c0000)
  to   space 115200K, 0% used [0xa51c0000,0xa51c0000,0xac240000)
 ParOldGen       total 274432K, used 182590K [0x732c0000, 0x83ec0000, 0x9dd40000)
  object space 274432K, 66% used [0x732c0000,0x7e50f818,0x83ec0000)
 PSPermGen       total 16384K, used 3901K [0x6b2c0000, 0x6c2c0000, 0x732c0000)
  object space 16384K, 23% used [0x6b2c0000,0x6b68f490,0x6c2c0000)
Event: 24.193 GC heap after
Heap after GC invocations=20 (full 3):
 PSYoungGen      total 234496K, used 115185K [0x9dd40000, 0xb32c0000, 0xb32c0000)
  eden space 119296K, 0% used [0x9dd40000,0x9dd40000,0xa51c0000)
  from space 115200K, 99% used [0xa51c0000,0xac23c4b8,0xac240000)
  to   space 115200K, 0% used [0xac240000,0xac240000,0xb32c0000)
 ParOldGen       total 274432K, used 208407K [0x732c0000, 0x83ec0000, 0x9dd40000)
  object space 274432K, 75% used [0x732c0000,0x7fe45e68,0x83ec0000)
 PSPermGen       total 16384K, used 3901K [0x6b2c0000, 0x6c2c0000, 0x732c0000)
  object space 16384K, 23% used [0x6b2c0000,0x6b68f490,0x6c2c0000)
}
Event: 24.541 GC heap before
{Heap before GC invocations=21 (full 3):
 PSYoungGen      total 234496K, used 234481K [0x9dd40000, 0xb32c0000, 0xb32c0000)
  eden space 119296K, 100% used [0x9dd40000,0xa51c0000,0xa51c0000)
  from space 115200K, 99% used [0xa51c0000,0xac23c4b8,0xac240000)
  to   space 115200K, 0% used [0xac240000,0xac240000,0xb32c0000)
 ParOldGen       total 274432K, used 208407K [0x732c0000, 0x83ec0000, 0x9dd40000)
  object space 274432K, 75% used [0x732c0000,0x7fe45e68,0x83ec0000)
 PSPermGen       total 16384K, used 3901K [0x6b2c0000, 0x6c2c0000, 0x732c0000)
  object space 16384K, 23% used [0x6b2c0000,0x6b68f490,0x6c2c0000)
Event: 24.825 GC heap after
Heap after GC invocations=21 (full 3):
 PSYoungGen      total 231936K, used 97227K [0x9dd40000, 0xb32c0000, 0xb32c0000)
  eden space 116736K, 0% used [0x9dd40000,0x9dd40000,0xa4f40000)
  from space 115200K, 84% used [0xac240000,0xb2132e50,0xb32c0000)
  to   space 116480K, 0% used [0xa4f40000,0xa4f40000,0xac100000)
 ParOldGen       total 281088K, used 281083K [0x732c0000, 0x84540000, 0x9dd40000)
  object space 281088K, 99% used [0x732c0000,0x8453ee60,0x84540000)
 PSPermGen       total 16384K, used 3901K [0x6b2c0000, 0x6c2c0000, 0x732c0000)
  object space 16384K, 23% used [0x6b2c0000,0x6b68f490,0x6c2c0000)
}
Event: 24.825 GC heap before
{Heap before GC invocations=22 (full 4):
 PSYoungGen      total 231936K, used 97227K [0x9dd40000, 0xb32c0000, 0xb32c0000)
  eden space 116736K, 0% used [0x9dd40000,0x9dd40000,0xa4f40000)
  from space 115200K, 84% used [0xac240000,0xb2132e50,0xb32c0000)
  to   space 116480K, 0% used [0xa4f40000,0xa4f40000,0xac100000)
 ParOldGen       total 281088K, used 281083K [0x732c0000, 0x84540000, 0x9dd40000)
  object space 281088K, 99% used [0x732c0000,0x8453ee60,0x84540000)
 PSPermGen       total 16384K, used 3901K [0x6b2c0000, 0x6c2c0000, 0x732c0000)
  object space 16384K, 23% used [0x6b2c0000,0x6b68f490,0x6c2c0000)

