# JRE version: OpenJDK Runtime Environment (7.0_79-b14) (build 1.7.0_79-b14)
# Java VM: OpenJDK Server VM (24.79-b02 mixed mode linux-x86 )
Heap
 PSYoungGen      total 140288K, used 15352K [0x9dd80000, 0xa7780000, 0xb3300000)
  eden space 124928K, 0% used [0x9dd80000,0x9dd80000,0xa5780000)
  from space 15360K, 99% used [0xa5780000,0xa667e090,0xa6680000)
  to   space 13312K, 0% used [0xa6680000,0xa6680000,0xa7380000)
 ParOldGen       total 41728K, used 38240K [0x73300000, 0x75bc0000, 0x9dd80000)
  object space 41728K, 91% used [0x73300000,0x758582a8,0x75bc0000)
 PSPermGen       total 16384K, used 3914K [0x6b300000, 0x6c300000, 0x73300000)
  object space 16384K, 23% used [0x6b300000,0x6b6d28a0,0x6c300000)
GC Heap History (10 events):
Event: 2.230 GC heap after
Heap after GC invocations=2 (full 0):
 PSYoungGen      total 34304K, used 2548K [0x9dd80000, 0xa0180000, 0xb3300000)
  eden space 31744K, 0% used [0x9dd80000,0x9dd80000,0x9fc80000)
  from space 2560K, 99% used [0x9ff00000,0xa017d1a0,0xa0180000)
  to   space 2560K, 0% used [0x9fc80000,0x9fc80000,0x9ff00000)
 ParOldGen       total 41728K, used 3087K [0x73300000, 0x75bc0000, 0x9dd80000)
  object space 41728K, 7% used [0x73300000,0x73603f70,0x75bc0000)
 PSPermGen       total 16384K, used 3759K [0x6b300000, 0x6c300000, 0x73300000)
  object space 16384K, 22% used [0x6b300000,0x6b6abc30,0x6c300000)
}
Event: 3.403 GC heap before
{Heap before GC invocations=3 (full 0):
 PSYoungGen      total 34304K, used 34292K [0x9dd80000, 0xa0180000, 0xb3300000)
  eden space 31744K, 100% used [0x9dd80000,0x9fc80000,0x9fc80000)
  from space 2560K, 99% used [0x9ff00000,0xa017d1a0,0xa0180000)
  to   space 2560K, 0% used [0x9fc80000,0x9fc80000,0x9ff00000)
 ParOldGen       total 41728K, used 3087K [0x73300000, 0x75bc0000, 0x9dd80000)
  object space 41728K, 7% used [0x73300000,0x73603f70,0x75bc0000)
 PSPermGen       total 16384K, used 3802K [0x6b300000, 0x6c300000, 0x73300000)
  object space 16384K, 23% used [0x6b300000,0x6b6b6ba8,0x6c300000)
Event: 3.430 GC heap after
Heap after GC invocations=3 (full 0):
 PSYoungGen      total 34304K, used 2556K [0x9dd80000, 0xa2080000, 0xb3300000)
  eden space 31744K, 0% used [0x9dd80000,0x9dd80000,0x9fc80000)
  from space 2560K, 99% used [0x9fc80000,0x9feff180,0x9ff00000)
  to   space 2560K, 0% used [0xa1e00000,0xa1e00000,0xa2080000)
 ParOldGen       total 41728K, used 8252K [0x73300000, 0x75bc0000, 0x9dd80000)
  object space 41728K, 19% used [0x73300000,0x73b0f2c8,0x75bc0000)
 PSPermGen       total 16384K, used 3802K [0x6b300000, 0x6c300000, 0x73300000)
  object space 16384K, 23% used [0x6b300000,0x6b6b6ba8,0x6c300000)
}
Event: 4.573 GC heap before
{Heap before GC invocations=4 (full 0):
 PSYoungGen      total 34304K, used 34300K [0x9dd80000, 0xa2080000, 0xb3300000)
  eden space 31744K, 100% used [0x9dd80000,0x9fc80000,0x9fc80000)
  from space 2560K, 99% used [0x9fc80000,0x9feff180,0x9ff00000)
  to   space 2560K, 0% used [0xa1e00000,0xa1e00000,0xa2080000)
 ParOldGen       total 41728K, used 8252K [0x73300000, 0x75bc0000, 0x9dd80000)
  object space 41728K, 19% used [0x73300000,0x73b0f2c8,0x75bc0000)
 PSPermGen       total 16384K, used 3823K [0x6b300000, 0x6c300000, 0x73300000)
  object space 16384K, 23% used [0x6b300000,0x6b6bbc58,0x6c300000)
Event: 4.606 GC heap after
Heap after GC invocations=4 (full 0):
 PSYoungGen      total 66048K, used 2559K [0x9dd80000, 0xa2080000, 0xb3300000)
  eden space 63488K, 0% used [0x9dd80000,0x9dd80000,0xa1b80000)
  from space 2560K, 99% used [0xa1e00000,0xa207fdb0,0xa2080000)
  to   space 2560K, 0% used [0xa1b80000,0xa1b80000,0xa1e00000)
 ParOldGen       total 41728K, used 12694K [0x73300000, 0x75bc0000, 0x9dd80000)
  object space 41728K, 30% used [0x73300000,0x73f65b28,0x75bc0000)
 PSPermGen       total 16384K, used 3823K [0x6b300000, 0x6c300000, 0x73300000)
  object space 16384K, 23% used [0x6b300000,0x6b6bbc58,0x6c300000)
}
Event: 6.456 GC heap before
{Heap before GC invocations=5 (full 0):
 PSYoungGen      total 66048K, used 66047K [0x9dd80000, 0xa2080000, 0xb3300000)
  eden space 63488K, 100% used [0x9dd80000,0xa1b80000,0xa1b80000)
  from space 2560K, 99% used [0xa1e00000,0xa207fdb0,0xa2080000)
  to   space 2560K, 0% used [0xa1b80000,0xa1b80000,0xa1e00000)
 ParOldGen       total 41728K, used 12694K [0x73300000, 0x75bc0000, 0x9dd80000)
  object space 41728K, 30% used [0x73300000,0x73f65b28,0x75bc0000)
 PSPermGen       total 16384K, used 3853K [0x6b300000, 0x6c300000, 0x73300000)
  object space 16384K, 23% used [0x6b300000,0x6b6c34c0,0x6c300000)
Event: 6.523 GC heap after
Heap after GC invocations=5 (full 0):
 PSYoungGen      total 66048K, used 2557K [0x9dd80000, 0xa7380000, 0xb3300000)
  eden space 63488K, 0% used [0x9dd80000,0x9dd80000,0xa1b80000)
  from space 2560K, 99% used [0xa1b80000,0xa1dff708,0xa1e00000)
  to   space 13312K, 0% used [0xa6680000,0xa6680000,0xa7380000)
 ParOldGen       total 41728K, used 23245K [0x73300000, 0x75bc0000, 0x9dd80000)
  object space 41728K, 55% used [0x73300000,0x749b3570,0x75bc0000)
 PSPermGen       total 16384K, used 3853K [0x6b300000, 0x6c300000, 0x73300000)
  object space 16384K, 23% used [0x6b300000,0x6b6c34c0,0x6c300000)
}
Event: 8.330 GC heap before
{Heap before GC invocations=6 (full 0):
 PSYoungGen      total 66048K, used 66045K [0x9dd80000, 0xa7380000, 0xb3300000)
  eden space 63488K, 100% used [0x9dd80000,0xa1b80000,0xa1b80000)
  from space 2560K, 99% used [0xa1b80000,0xa1dff708,0xa1e00000)
  to   space 13312K, 0% used [0xa6680000,0xa6680000,0xa7380000)
 ParOldGen       total 41728K, used 23245K [0x73300000, 0x75bc0000, 0x9dd80000)
  object space 41728K, 55% used [0x73300000,0x749b3570,0x75bc0000)
 PSPermGen       total 16384K, used 3867K [0x6b300000, 0x6c300000, 0x73300000)
  object space 16384K, 23% used [0x6b300000,0x6b6c6e90,0x6c300000)
Event: 8.402 GC heap after
Heap after GC invocations=6 (full 0):
 PSYoungGen      total 138240K, used 12575K [0x9dd80000, 0xa7780000, 0xb3300000)
  eden space 124928K, 0% used [0x9dd80000,0x9dd80000,0xa5780000)
  from space 13312K, 94% used [0xa6680000,0xa72c7c98,0xa7380000)
  to   space 15360K, 0% used [0xa5780000,0xa5780000,0xa6680000)
 ParOldGen       total 41728K, used 23245K [0x73300000, 0x75bc0000, 0x9dd80000)
  object space 41728K, 55% used [0x73300000,0x749b3570,0x75bc0000)
 PSPermGen       total 16384K, used 3867K [0x6b300000, 0x6c300000, 0x73300000)
  object space 16384K, 23% used [0x6b300000,0x6b6c6e90,0x6c300000)
}
Event: 11.682 GC heap before
{Heap before GC invocations=7 (full 0):
 PSYoungGen      total 138240K, used 137503K [0x9dd80000, 0xa7780000, 0xb3300000)
  eden space 124928K, 100% used [0x9dd80000,0xa5780000,0xa5780000)
  from space 13312K, 94% used [0xa6680000,0xa72c7c98,0xa7380000)
  to   space 15360K, 0% used [0xa5780000,0xa5780000,0xa6680000)
 ParOldGen       total 41728K, used 23245K [0x73300000, 0x75bc0000, 0x9dd80000)
  object space 41728K, 55% used [0x73300000,0x749b3570,0x75bc0000)
 PSPermGen       total 16384K, used 3914K [0x6b300000, 0x6c300000, 0x73300000)
  object space 16384K, 23% used [0x6b300000,0x6b6d28a0,0x6c300000)

