# JRE version: OpenJDK Runtime Environment (7.0_79-b14) (build 1.7.0_79-b14)
# Java VM: OpenJDK Server VM (24.79-b02 mixed mode linux-x86 )
Heap
 PSYoungGen      total 140032K, used 15092K [0x9ddc0000, 0xa7740000, 0xb3340000)
  eden space 124928K, 0% used [0x9ddc0000,0x9ddc0000,0xa57c0000)
  from space 15104K, 99% used [0xa57c0000,0xa667d268,0xa6680000)
  to   space 13056K, 0% used [0xa6680000,0xa6680000,0xa7340000)
 ParOldGen       total 41728K, used 38010K [0x73340000, 0x75c00000, 0x9ddc0000)
  object space 41728K, 91% used [0x73340000,0x7585e938,0x75c00000)
 PSPermGen       total 16384K, used 3913K [0x6b340000, 0x6c340000, 0x73340000)
  object space 16384K, 23% used [0x6b340000,0x6b712628,0x6c340000)
GC Heap History (10 events):
Event: 1.835 GC heap after
Heap after GC invocations=2 (full 0):
 PSYoungGen      total 34304K, used 2558K [0x9ddc0000, 0xa01c0000, 0xb3340000)
  eden space 31744K, 0% used [0x9ddc0000,0x9ddc0000,0x9fcc0000)
  from space 2560K, 99% used [0x9ff40000,0xa01bfa48,0xa01c0000)
  to   space 2560K, 0% used [0x9fcc0000,0x9fcc0000,0x9ff40000)
 ParOldGen       total 41728K, used 3127K [0x73340000, 0x75c00000, 0x9ddc0000)
  object space 41728K, 7% used [0x73340000,0x7364dde0,0x75c00000)
 PSPermGen       total 16384K, used 3757K [0x6b340000, 0x6c340000, 0x73340000)
  object space 16384K, 22% used [0x6b340000,0x6b6eb568,0x6c340000)
}
Event: 2.868 GC heap before
{Heap before GC invocations=3 (full 0):
 PSYoungGen      total 34304K, used 34302K [0x9ddc0000, 0xa01c0000, 0xb3340000)
  eden space 31744K, 100% used [0x9ddc0000,0x9fcc0000,0x9fcc0000)
  from space 2560K, 99% used [0x9ff40000,0xa01bfa48,0xa01c0000)
  to   space 2560K, 0% used [0x9fcc0000,0x9fcc0000,0x9ff40000)
 ParOldGen       total 41728K, used 3127K [0x73340000, 0x75c00000, 0x9ddc0000)
  object space 41728K, 7% used [0x73340000,0x7364dde0,0x75c00000)
 PSPermGen       total 16384K, used 3804K [0x6b340000, 0x6c340000, 0x73340000)
  object space 16384K, 23% used [0x6b340000,0x6b6f72a8,0x6c340000)
Event: 2.897 GC heap after
Heap after GC invocations=3 (full 0):
 PSYoungGen      total 34304K, used 2556K [0x9ddc0000, 0xa20c0000, 0xb3340000)
  eden space 31744K, 0% used [0x9ddc0000,0x9ddc0000,0x9fcc0000)
  from space 2560K, 99% used [0x9fcc0000,0x9ff3f160,0x9ff40000)
  to   space 2560K, 0% used [0xa1e40000,0xa1e40000,0xa20c0000)
 ParOldGen       total 41728K, used 7952K [0x73340000, 0x75c00000, 0x9ddc0000)
  object space 41728K, 19% used [0x73340000,0x73b04058,0x75c00000)
 PSPermGen       total 16384K, used 3804K [0x6b340000, 0x6c340000, 0x73340000)
  object space 16384K, 23% used [0x6b340000,0x6b6f72a8,0x6c340000)
}
Event: 3.965 GC heap before
{Heap before GC invocations=4 (full 0):
 PSYoungGen      total 34304K, used 34300K [0x9ddc0000, 0xa20c0000, 0xb3340000)
  eden space 31744K, 100% used [0x9ddc0000,0x9fcc0000,0x9fcc0000)
  from space 2560K, 99% used [0x9fcc0000,0x9ff3f160,0x9ff40000)
  to   space 2560K, 0% used [0xa1e40000,0xa1e40000,0xa20c0000)
 ParOldGen       total 41728K, used 7952K [0x73340000, 0x75c00000, 0x9ddc0000)
  object space 41728K, 19% used [0x73340000,0x73b04058,0x75c00000)
 PSPermGen       total 16384K, used 3823K [0x6b340000, 0x6c340000, 0x73340000)
  object space 16384K, 23% used [0x6b340000,0x6b6fbdf8,0x6c340000)
Event: 3.985 GC heap after
Heap after GC invocations=4 (full 0):
 PSYoungGen      total 66048K, used 2559K [0x9ddc0000, 0xa20c0000, 0xb3340000)
  eden space 63488K, 0% used [0x9ddc0000,0x9ddc0000,0xa1bc0000)
  from space 2560K, 99% used [0xa1e40000,0xa20bfdd0,0xa20c0000)
  to   space 2560K, 0% used [0xa1bc0000,0xa1bc0000,0xa1e40000)
 ParOldGen       total 41728K, used 12370K [0x73340000, 0x75c00000, 0x9ddc0000)
  object space 41728K, 29% used [0x73340000,0x73f54b00,0x75c00000)
 PSPermGen       total 16384K, used 3823K [0x6b340000, 0x6c340000, 0x73340000)
  object space 16384K, 23% used [0x6b340000,0x6b6fbdf8,0x6c340000)
}
Event: 5.888 GC heap before
{Heap before GC invocations=5 (full 0):
 PSYoungGen      total 66048K, used 66047K [0x9ddc0000, 0xa20c0000, 0xb3340000)
  eden space 63488K, 100% used [0x9ddc0000,0xa1bc0000,0xa1bc0000)
  from space 2560K, 99% used [0xa1e40000,0xa20bfdd0,0xa20c0000)
  to   space 2560K, 0% used [0xa1bc0000,0xa1bc0000,0xa1e40000)
 ParOldGen       total 41728K, used 12370K [0x73340000, 0x75c00000, 0x9ddc0000)
  object space 41728K, 29% used [0x73340000,0x73f54b00,0x75c00000)
 PSPermGen       total 16384K, used 3853K [0x6b340000, 0x6c340000, 0x73340000)
  object space 16384K, 23% used [0x6b340000,0x6b703420,0x6c340000)
Event: 5.946 GC heap after
Heap after GC invocations=5 (full 0):
 PSYoungGen      total 66048K, used 2550K [0x9ddc0000, 0xa7340000, 0xb3340000)
  eden space 63488K, 0% used [0x9ddc0000,0x9ddc0000,0xa1bc0000)
  from space 2560K, 99% used [0xa1bc0000,0xa1e3db40,0xa1e40000)
  to   space 13056K, 0% used [0xa6680000,0xa6680000,0xa7340000)
 ParOldGen       total 41728K, used 22720K [0x73340000, 0x75c00000, 0x9ddc0000)
  object space 41728K, 54% used [0x73340000,0x749700d0,0x75c00000)
 PSPermGen       total 16384K, used 3853K [0x6b340000, 0x6c340000, 0x73340000)
  object space 16384K, 23% used [0x6b340000,0x6b703420,0x6c340000)
}
Event: 7.308 GC heap before
{Heap before GC invocations=6 (full 0):
 PSYoungGen      total 66048K, used 66038K [0x9ddc0000, 0xa7340000, 0xb3340000)
  eden space 63488K, 100% used [0x9ddc0000,0xa1bc0000,0xa1bc0000)
  from space 2560K, 99% used [0xa1bc0000,0xa1e3db40,0xa1e40000)
  to   space 13056K, 0% used [0xa6680000,0xa6680000,0xa7340000)
 ParOldGen       total 41728K, used 22720K [0x73340000, 0x75c00000, 0x9ddc0000)
  object space 41728K, 54% used [0x73340000,0x749700d0,0x75c00000)
 PSPermGen       total 16384K, used 3868K [0x6b340000, 0x6c340000, 0x73340000)
  object space 16384K, 23% used [0x6b340000,0x6b707110,0x6c340000)
Event: 7.355 GC heap after
Heap after GC invocations=6 (full 0):
 PSYoungGen      total 137984K, used 12538K [0x9ddc0000, 0xa7740000, 0xb3340000)
  eden space 124928K, 0% used [0x9ddc0000,0x9ddc0000,0xa57c0000)
  from space 13056K, 96% used [0xa6680000,0xa72beb88,0xa7340000)
  to   space 15104K, 0% used [0xa57c0000,0xa57c0000,0xa6680000)
 ParOldGen       total 41728K, used 22720K [0x73340000, 0x75c00000, 0x9ddc0000)
  object space 41728K, 54% used [0x73340000,0x749700d0,0x75c00000)
 PSPermGen       total 16384K, used 3868K [0x6b340000, 0x6c340000, 0x73340000)
  object space 16384K, 23% used [0x6b340000,0x6b707110,0x6c340000)
}
Event: 10.621 GC heap before
{Heap before GC invocations=7 (full 0):
 PSYoungGen      total 137984K, used 137466K [0x9ddc0000, 0xa7740000, 0xb3340000)
  eden space 124928K, 100% used [0x9ddc0000,0xa57c0000,0xa57c0000)
  from space 13056K, 96% used [0xa6680000,0xa72beb88,0xa7340000)
  to   space 15104K, 0% used [0xa57c0000,0xa57c0000,0xa6680000)
 ParOldGen       total 41728K, used 22720K [0x73340000, 0x75c00000, 0x9ddc0000)
  object space 41728K, 54% used [0x73340000,0x749700d0,0x75c00000)
 PSPermGen       total 16384K, used 3913K [0x6b340000, 0x6c340000, 0x73340000)
  object space 16384K, 23% used [0x6b340000,0x6b712628,0x6c340000)

